<?xml version="1.0" encoding="UTF-8"?>
<testng-results total="2" passed="2" failed="0" skipped="0">
  <reporter-output>
  </reporter-output>
  <suite started-at="2025-02-01T17:00:51Z" name="Suite" finished-at="2025-02-01T17:01:08Z" duration-ms="17827">
    <groups>
    </groups>
    <test started-at="2025-02-01T17:00:51Z" name="Test" finished-at="2025-02-01T17:01:08Z" duration-ms="17827">
      <class name="ApiAutomation.ApiTestFlow">
        <test-method signature="TC_ApiFlowTest()[pri:0, instance:ApiAutomation.ApiTestFlow@909217e]" started-at="2025-02-01T22:30:51Z" name="TC_ApiFlowTest" finished-at="2025-02-01T22:30:53Z" duration-ms="2548" status="PASS">
          <reporter-output>
          </reporter-output>
        </test-method> <!-- TC_ApiFlowTest -->
      </class> <!-- ApiAutomation.ApiTestFlow -->
      <class name="SeleniumAutomation.AddToCartFlow">
        <test-method signature="TC_AddToCart()[pri:0, instance:SeleniumAutomation.AddToCartFlow@48075da3]" started-at="2025-02-01T22:30:53Z" name="TC_AddToCart" finished-at="2025-02-01T22:31:08Z" duration-ms="15270" status="PASS">
          <reporter-output>
          </reporter-output>
        </test-method> <!-- TC_AddToCart -->
      </class> <!-- SeleniumAutomation.AddToCartFlow -->
    </test> <!-- Test -->
  </suite> <!-- Suite -->
</testng-results>
