<?xml version="1.0" encoding="UTF-8"?>
<testsuite xmlns:xsi="http://www.w3.org/2001/XMLSchema-instance" xsi:noNamespaceSchemaLocation="https://maven.apache.org/surefire/maven-surefire-plugin/xsd/surefire-test-report-3.0.xsd" version="3.0" name="TestSuite" time="18.692" tests="2" errors="0" skipped="0" failures="0">
  <properties>
[...]
</properties>
  <testcase name="TC_ApiFlowTest" classname="ApiAutomation.ApiTestFlow" time="2.548">
    <system-out><![CDATA[[TestNGContentHandler] [WARN] It is strongly recommended to add "<!DOCTYPE suite SYSTEM "http://testng.org/testng-1.0.dtd" >" at the top of your file, otherwise TestNG may fail or not work as expected.
Request method:	GET
Request URI:	https://api.coindesk.com/v1/bpi/currentprice.json
Proxy:			<none>
Request params:	<none>
Query params:	<none>
Form params:	<none>
Path params:	<none>
Headers:		Accept=*/*
Cookies:		<none>
Multiparts:		<none>
Body:			<none>
HTTP/1.1 200 OK
Content-Type: application/json; charset=utf-8
Content-Length: 676
Connection: keep-alive
Date: Sat, 01 Feb 2025 17:00:52 GMT
access-control-expose-headers: WWW-Authenticate,Server-Authorization
Cache-Control: max-age=30, must-revalidate, public
Accept-Ranges: bytes
Vary: origin
X-Cache: Miss from cloudfront
Via: 1.1 5e1b37f599ac1012c9deb19ae0ce71ca.cloudfront.net (CloudFront)
X-Amz-Cf-Pop: PNQ50-P1
X-Amz-Cf-Id: ndnGuRkWBYIT8K6ojMlzldu-E8L0bW-grH7EQv41oY84ve8NrZ5DCg==

{
    "time": {
        "updated": "Feb 1, 2025 17:00:50 UTC",
        "updatedISO": "2025-02-01T17:00:50+00:00",
        "updateduk": "Feb 1, 2025 at 17:00 GMT"
    },
    "disclaimer": "This data was produced from the CoinDesk Bitcoin Price Index (USD). Non-USD currency data converted using hourly conversion rate from openexchangerates.org",
    "chartName": "Bitcoin",
    "bpi": {
        "USD": {
            "code": "USD",
            "symbol": "&#36;",
            "rate": "102,842.228",
            "description": "United States Dollar",
            "rate_float": 102842.2276
        },
        "GBP": {
            "code": "GBP",
            "symbol": "&pound;",
            "rate": "82,591.256",
            "description": "British Pound Sterling",
            "rate_float": 82591.2561
        },
        "EUR": {
            "code": "EUR",
            "symbol": "&euro;",
            "rate": "98,325.089",
            "description": "Euro",
            "rate_float": 98325.0885
        }
    }
}
Total Number of bpi Components are : 3
]]></system-out>
    <system-err><![CDATA[SLF4J(W): No SLF4J providers were found.
SLF4J(W): Defaulting to no-operation (NOP) logger implementation
SLF4J(W): See https://www.slf4j.org/codes.html#noProviders for further details.
]]></system-err>
  </testcase>
  <testcase name="TC_AddToCart" classname="SeleniumAutomation.AddToCartFlow" time="15.266">
    <system-out><![CDATA[Number of items in cart : 1
]]></system-out>
    <system-err><![CDATA[Feb 01, 2025 10:30:54 PM org.openqa.selenium.devtools.CdpVersionFinder findNearestMatch
WARNING: Unable to find an exact match for CDP version 132, returning the closest version; found: 131; Please update to a Selenium version that supports CDP version 132
]]></system-err>
  </testcase>
</testsuite>