<?xml version="1.0" encoding="UTF-8"?>
<testng-results total="1" passed="1" failed="0" skipped="0">
  <reporter-output>
  </reporter-output>
  <suite started-at="2025-02-01T16:45:27Z" name="Default suite" finished-at="2025-02-01T16:45:29Z" duration-ms="1975">
    <groups>
    </groups>
    <test started-at="2025-02-01T16:45:27Z" name="Default test" finished-at="2025-02-01T16:45:29Z" duration-ms="1975">
      <class name="ApiAutomation.ApiTestFlow">
        <test-method signature="TC_ApiTest()[pri:0, instance:ApiAutomation.ApiTestFlow@6f10d5b6]" started-at="2025-02-01T22:15:27Z" name="TC_ApiTest" finished-at="2025-02-01T22:15:29Z" duration-ms="1965" status="PASS">
          <reporter-output>
          </reporter-output>
        </test-method> <!-- TC_ApiTest -->
      </class> <!-- ApiAutomation.ApiTestFlow -->
    </test> <!-- Default test -->
  </suite> <!-- Default suite -->
</testng-results>
