<?xml version="1.0" encoding="UTF-8"?>
<testng-results total="1" passed="1" failed="0" skipped="0">
  <reporter-output>
  </reporter-output>
  <suite started-at="2025-02-01T16:05:56Z" name="Default suite" finished-at="2025-02-01T16:06:11Z" duration-ms="14688">
    <groups>
    </groups>
    <test started-at="2025-02-01T16:05:56Z" name="Default test" finished-at="2025-02-01T16:06:11Z" duration-ms="14688">
      <class name="SeleniumAutomation.AddToCartFlow">
        <test-method signature="TC_AddToCart()[pri:0, instance:SeleniumAutomation.AddToCartFlow@710c2b53]" started-at="2025-02-01T21:35:56Z" name="TC_AddToCart" finished-at="2025-02-01T21:36:11Z" duration-ms="14679" status="PASS">
          <reporter-output>
          </reporter-output>
        </test-method> <!-- TC_AddToCart -->
      </class> <!-- SeleniumAutomation.AddToCartFlow -->
    </test> <!-- Default test -->
  </suite> <!-- Default suite -->
</testng-results>
